<?xml version="1.0" encoding="UTF-8"?>
<testng-results ignored="0" total="1" passed="1" failed="0" skipped="0">
  <reporter-output>
  </reporter-output>
  <suite started-at="2021-12-09T23:06:18 GMT" name="Suite" finished-at="2021-12-09T23:06:27 GMT" duration-ms="9759">
    <groups>
    </groups>
    <test started-at="2021-12-09T23:06:18 GMT" name="Test" finished-at="2021-12-09T23:06:27 GMT" duration-ms="9759">
      <class name="Academy.EnglishTestPage">
        <test-method is-config="true" signature="initialize()[pri:0, instance:Academy.EnglishTestPage@54e7df6a]" started-at="2021-12-09T23:06:18 GMT" name="initialize" finished-at="2021-12-09T23:06:24 GMT" duration-ms="6170" status="PASS">
          <reporter-output>
          </reporter-output>
        </test-method> <!-- initialize -->
        <test-method signature="testExamNavigation()[pri:0, instance:Academy.EnglishTestPage@54e7df6a]" started-at="2021-12-09T23:06:24 GMT" name="testExamNavigation" finished-at="2021-12-09T23:06:27 GMT" duration-ms="3507" status="PASS">
          <reporter-output>
          </reporter-output>
        </test-method> <!-- testExamNavigation -->
        <test-method is-config="true" signature="teardown()[pri:0, instance:Academy.EnglishTestPage@54e7df6a]" started-at="2021-12-09T23:06:27 GMT" name="teardown" finished-at="2021-12-09T23:06:27 GMT" duration-ms="0" status="PASS">
          <reporter-output>
          </reporter-output>
        </test-method> <!-- teardown -->
      </class> <!-- Academy.EnglishTestPage -->
    </test> <!-- Test -->
  </suite> <!-- Suite -->
</testng-results>
